{"C:\\Saulo\\serverless\\ton-api\\domain\\user.js": {"path":"C:\\Saulo\\serverless\\ton-api\\domain\\user.js","statementMap":{"0":{"start":{"line":1,"column":0},"end":{"line":11,"column":1}},"1":{"start":{"line":3,"column":8},"end":{"line":3,"column":25}},"2":{"start":{"line":4,"column":8},"end":{"line":4,"column":27}},"3":{"start":{"line":5,"column":8},"end":{"line":5,"column":27}},"4":{"start":{"line":6,"column":8},"end":{"line":6,"column":23}},"5":{"start":{"line":7,"column":8},"end":{"line":7,"column":33}},"6":{"start":{"line":8,"column":8},"end":{"line":8,"column":27}},"7":{"start":{"line":9,"column":8},"end":{"line":9,"column":39}}},"fnMap":{"0":{"name":"(anonymous_0)","decl":{"start":{"line":2,"column":4},"end":{"line":2,"column":5}},"loc":{"start":{"line":2,"column":58},"end":{"line":10,"column":5}},"line":2}},"branchMap":{},"s":{"0":2,"1":5,"2":5,"3":5,"4":5,"5":5,"6":5,"7":5},"f":{"0":5},"b":{},"_coverageSchema":"1a1c01bbd47fc00a2c39e90264f33305004495a9","hash":"3abd87b8263c27c2d7c4428149f73a36a3144e79"}
,"C:\\Saulo\\serverless\\ton-api\\handler\\consult.js": {"path":"C:\\Saulo\\serverless\\ton-api\\handler\\consult.js","statementMap":{"0":{"start":{"line":3,"column":14},"end":{"line":3,"column":47}},"1":{"start":{"line":4,"column":24},"end":{"line":4,"column":59}},"2":{"start":{"line":6,"column":0},"end":{"line":18,"column":2}},"3":{"start":{"line":7,"column":26},"end":{"line":9,"column":4}},"4":{"start":{"line":10,"column":2},"end":{"line":17,"column":3}},"5":{"start":{"line":11,"column":4},"end":{"line":11,"column":75}},"6":{"start":{"line":12,"column":18},"end":{"line":12,"column":29}},"7":{"start":{"line":13,"column":4},"end":{"line":13,"column":46}},"8":{"start":{"line":15,"column":4},"end":{"line":15,"column":36}},"9":{"start":{"line":16,"column":4},"end":{"line":16,"column":73}}},"fnMap":{"0":{"name":"(anonymous_0)","decl":{"start":{"line":6,"column":25},"end":{"line":6,"column":26}},"loc":{"start":{"line":6,"column":61},"end":{"line":18,"column":1}},"line":6}},"branchMap":{},"s":{"0":1,"1":1,"2":1,"3":1,"4":1,"5":1,"6":1,"7":1,"8":0,"9":0},"f":{"0":1},"b":{},"_coverageSchema":"1a1c01bbd47fc00a2c39e90264f33305004495a9","hash":"48ec939dc5a9d71a24f4e2baf1f26503fe35c584"}
,"C:\\Saulo\\serverless\\ton-api\\handler\\increment.js": {"path":"C:\\Saulo\\serverless\\ton-api\\handler\\increment.js","statementMap":{"0":{"start":{"line":3,"column":20},"end":{"line":3,"column":53}},"1":{"start":{"line":4,"column":24},"end":{"line":4,"column":59}},"2":{"start":{"line":6,"column":0},"end":{"line":18,"column":2}},"3":{"start":{"line":7,"column":26},"end":{"line":9,"column":4}},"4":{"start":{"line":10,"column":2},"end":{"line":17,"column":3}},"5":{"start":{"line":11,"column":4},"end":{"line":11,"column":75}},"6":{"start":{"line":12,"column":4},"end":{"line":12,"column":22}},"7":{"start":{"line":13,"column":4},"end":{"line":13,"column":41}},"8":{"start":{"line":15,"column":4},"end":{"line":15,"column":36}},"9":{"start":{"line":16,"column":4},"end":{"line":16,"column":73}}},"fnMap":{"0":{"name":"(anonymous_0)","decl":{"start":{"line":6,"column":25},"end":{"line":6,"column":26}},"loc":{"start":{"line":6,"column":61},"end":{"line":18,"column":1}},"line":6}},"branchMap":{},"s":{"0":1,"1":1,"2":1,"3":1,"4":1,"5":1,"6":1,"7":1,"8":0,"9":0},"f":{"0":1},"b":{},"_coverageSchema":"1a1c01bbd47fc00a2c39e90264f33305004495a9","hash":"d5209c95742ad6c1e22bae817400c110fd502c09"}
,"C:\\Saulo\\serverless\\ton-api\\handler\\user-data.js": {"path":"C:\\Saulo\\serverless\\ton-api\\handler\\user-data.js","statementMap":{"0":{"start":{"line":2,"column":17},"end":{"line":2,"column":51}},"1":{"start":{"line":3,"column":24},"end":{"line":3,"column":59}},"2":{"start":{"line":5,"column":0},"end":{"line":17,"column":2}},"3":{"start":{"line":6,"column":26},"end":{"line":8,"column":4}},"4":{"start":{"line":9,"column":2},"end":{"line":16,"column":3}},"5":{"start":{"line":10,"column":4},"end":{"line":10,"column":74}},"6":{"start":{"line":11,"column":21},"end":{"line":11,"column":57}},"7":{"start":{"line":12,"column":4},"end":{"line":12,"column":49}},"8":{"start":{"line":14,"column":4},"end":{"line":14,"column":34}},"9":{"start":{"line":15,"column":4},"end":{"line":15,"column":71}}},"fnMap":{"0":{"name":"(anonymous_0)","decl":{"start":{"line":5,"column":25},"end":{"line":5,"column":26}},"loc":{"start":{"line":5,"column":61},"end":{"line":17,"column":1}},"line":5}},"branchMap":{},"s":{"0":1,"1":1,"2":1,"3":1,"4":1,"5":1,"6":1,"7":1,"8":0,"9":0},"f":{"0":1},"b":{},"_coverageSchema":"1a1c01bbd47fc00a2c39e90264f33305004495a9","hash":"7be5f180adbad84420797adf09d2f26ed0c197e8"}
,"C:\\Saulo\\serverless\\ton-api\\repository\\user-repository.js": {"path":"C:\\Saulo\\serverless\\ton-api\\repository\\user-repository.js","statementMap":{"0":{"start":{"line":1,"column":12},"end":{"line":1,"column":30}},"1":{"start":{"line":2,"column":17},"end":{"line":2,"column":71}},"2":{"start":{"line":4,"column":17},"end":{"line":17,"column":1}},"3":{"start":{"line":5,"column":4},"end":{"line":16,"column":7}},"4":{"start":{"line":6,"column":21},"end":{"line":9,"column":11}},"5":{"start":{"line":10,"column":8},"end":{"line":15,"column":11}},"6":{"start":{"line":11,"column":12},"end":{"line":13,"column":13}},"7":{"start":{"line":12,"column":16},"end":{"line":12,"column":32}},"8":{"start":{"line":14,"column":12},"end":{"line":14,"column":34}},"9":{"start":{"line":19,"column":18},"end":{"line":34,"column":1}},"10":{"start":{"line":20,"column":4},"end":{"line":33,"column":7}},"11":{"start":{"line":21,"column":21},"end":{"line":26,"column":11}},"12":{"start":{"line":27,"column":8},"end":{"line":32,"column":11}},"13":{"start":{"line":28,"column":12},"end":{"line":30,"column":13}},"14":{"start":{"line":29,"column":16},"end":{"line":29,"column":32}},"15":{"start":{"line":31,"column":12},"end":{"line":31,"column":34}},"16":{"start":{"line":36,"column":0},"end":{"line":39,"column":2}}},"fnMap":{"0":{"name":"(anonymous_0)","decl":{"start":{"line":4,"column":17},"end":{"line":4,"column":18}},"loc":{"start":{"line":4,"column":27},"end":{"line":17,"column":1}},"line":4},"1":{"name":"(anonymous_1)","decl":{"start":{"line":5,"column":23},"end":{"line":5,"column":24}},"loc":{"start":{"line":5,"column":37},"end":{"line":16,"column":5}},"line":5},"2":{"name":"(anonymous_2)","decl":{"start":{"line":10,"column":29},"end":{"line":10,"column":30}},"loc":{"start":{"line":10,"column":44},"end":{"line":15,"column":9}},"line":10},"3":{"name":"(anonymous_3)","decl":{"start":{"line":19,"column":18},"end":{"line":19,"column":19}},"loc":{"start":{"line":19,"column":27},"end":{"line":34,"column":1}},"line":19},"4":{"name":"(anonymous_4)","decl":{"start":{"line":20,"column":23},"end":{"line":20,"column":24}},"loc":{"start":{"line":20,"column":37},"end":{"line":33,"column":5}},"line":20},"5":{"name":"(anonymous_5)","decl":{"start":{"line":27,"column":29},"end":{"line":27,"column":30}},"loc":{"start":{"line":27,"column":44},"end":{"line":32,"column":9}},"line":27}},"branchMap":{"0":{"loc":{"start":{"line":11,"column":12},"end":{"line":13,"column":13}},"type":"if","locations":[{"start":{"line":11,"column":12},"end":{"line":13,"column":13}},{"start":{"line":11,"column":12},"end":{"line":13,"column":13}}],"line":11},"1":{"loc":{"start":{"line":28,"column":12},"end":{"line":30,"column":13}},"type":"if","locations":[{"start":{"line":28,"column":12},"end":{"line":30,"column":13}},{"start":{"line":28,"column":12},"end":{"line":30,"column":13}}],"line":28}},"s":{"0":3,"1":3,"2":3,"3":1,"4":1,"5":1,"6":1,"7":0,"8":1,"9":3,"10":1,"11":1,"12":1,"13":1,"14":0,"15":1,"16":3},"f":{"0":1,"1":1,"2":1,"3":1,"4":1,"5":1},"b":{"0":[0,1],"1":[0,1]},"_coverageSchema":"1a1c01bbd47fc00a2c39e90264f33305004495a9","hash":"f82060824cdf0051317a7aeb443e28b48bd8660d"}
,"C:\\Saulo\\serverless\\ton-api\\service\\count-visit.js": {"path":"C:\\Saulo\\serverless\\ton-api\\service\\count-visit.js","statementMap":{"0":{"start":{"line":3,"column":17},"end":{"line":3,"column":39}},"1":{"start":{"line":5,"column":16},"end":{"line":5,"column":28}},"2":{"start":{"line":7,"column":14},"end":{"line":16,"column":3}},"3":{"start":{"line":8,"column":4},"end":{"line":15,"column":7}},"4":{"start":{"line":9,"column":8},"end":{"line":9,"column":54}},"5":{"start":{"line":10,"column":22},"end":{"line":10,"column":67}},"6":{"start":{"line":11,"column":8},"end":{"line":11,"column":29}},"7":{"start":{"line":13,"column":8},"end":{"line":13,"column":40}},"8":{"start":{"line":14,"column":8},"end":{"line":14,"column":77}},"9":{"start":{"line":18,"column":20},"end":{"line":27,"column":3}},"10":{"start":{"line":19,"column":4},"end":{"line":26,"column":7}},"11":{"start":{"line":20,"column":8},"end":{"line":20,"column":74}},"12":{"start":{"line":21,"column":8},"end":{"line":21,"column":46}},"13":{"start":{"line":23,"column":26},"end":{"line":23,"column":101}},"14":{"start":{"line":24,"column":8},"end":{"line":24,"column":35}},"15":{"start":{"line":25,"column":8},"end":{"line":25,"column":36}},"16":{"start":{"line":29,"column":2},"end":{"line":32,"column":2}}},"fnMap":{"0":{"name":"(anonymous_0)","decl":{"start":{"line":7,"column":14},"end":{"line":7,"column":15}},"loc":{"start":{"line":7,"column":26},"end":{"line":16,"column":3}},"line":7},"1":{"name":"(anonymous_1)","decl":{"start":{"line":18,"column":20},"end":{"line":18,"column":21}},"loc":{"start":{"line":18,"column":37},"end":{"line":27,"column":3}},"line":18}},"branchMap":{},"s":{"0":3,"1":3,"2":3,"3":2,"4":2,"5":2,"6":1,"7":1,"8":1,"9":3,"10":2,"11":2,"12":2,"13":1,"14":1,"15":1,"16":3},"f":{"0":2,"1":2},"b":{},"_coverageSchema":"1a1c01bbd47fc00a2c39e90264f33305004495a9","hash":"b69f02f6ee35b26fb73aadb70b3594ac64e3f439"}
,"C:\\Saulo\\serverless\\ton-api\\service\\user-service.js": {"path":"C:\\Saulo\\serverless\\ton-api\\service\\user-service.js","statementMap":{"0":{"start":{"line":3,"column":32},"end":{"line":3,"column":72}},"1":{"start":{"line":4,"column":12},"end":{"line":4,"column":36}},"2":{"start":{"line":5,"column":15},"end":{"line":5,"column":32}},"3":{"start":{"line":7,"column":17},"end":{"line":21,"column":3}},"4":{"start":{"line":8,"column":4},"end":{"line":20,"column":7}},"5":{"start":{"line":9,"column":8},"end":{"line":9,"column":54}},"6":{"start":{"line":10,"column":8},"end":{"line":10,"column":46}},"7":{"start":{"line":11,"column":8},"end":{"line":13,"column":9}},"8":{"start":{"line":12,"column":12},"end":{"line":12,"column":40}},"9":{"start":{"line":15,"column":8},"end":{"line":15,"column":80}},"10":{"start":{"line":18,"column":8},"end":{"line":18,"column":40}},"11":{"start":{"line":19,"column":8},"end":{"line":19,"column":38}},"12":{"start":{"line":23,"column":15},"end":{"line":35,"column":3}},"13":{"start":{"line":24,"column":4},"end":{"line":34,"column":7}},"14":{"start":{"line":25,"column":25},"end":{"line":25,"column":45}},"15":{"start":{"line":26,"column":8},"end":{"line":29,"column":9}},"16":{"start":{"line":27,"column":10},"end":{"line":27,"column":38}},"17":{"start":{"line":28,"column":10},"end":{"line":28,"column":26}},"18":{"start":{"line":30,"column":8},"end":{"line":30,"column":76}},"19":{"start":{"line":32,"column":8},"end":{"line":32,"column":40}},"20":{"start":{"line":33,"column":8},"end":{"line":33,"column":38}},"21":{"start":{"line":37,"column":22},"end":{"line":39,"column":3}},"22":{"start":{"line":38,"column":4},"end":{"line":38,"column":45}},"23":{"start":{"line":41,"column":2},"end":{"line":44,"column":2}}},"fnMap":{"0":{"name":"(anonymous_0)","decl":{"start":{"line":7,"column":17},"end":{"line":7,"column":18}},"loc":{"start":{"line":7,"column":33},"end":{"line":21,"column":3}},"line":7},"1":{"name":"(anonymous_1)","decl":{"start":{"line":23,"column":15},"end":{"line":23,"column":16}},"loc":{"start":{"line":23,"column":30},"end":{"line":35,"column":3}},"line":23},"2":{"name":"(anonymous_2)","decl":{"start":{"line":37,"column":22},"end":{"line":37,"column":23}},"loc":{"start":{"line":37,"column":38},"end":{"line":39,"column":3}},"line":37}},"branchMap":{"0":{"loc":{"start":{"line":11,"column":8},"end":{"line":13,"column":9}},"type":"if","locations":[{"start":{"line":11,"column":8},"end":{"line":13,"column":9}},{"start":{"line":11,"column":8},"end":{"line":13,"column":9}}],"line":11},"1":{"loc":{"start":{"line":26,"column":8},"end":{"line":29,"column":9}},"type":"if","locations":[{"start":{"line":26,"column":8},"end":{"line":29,"column":9}},{"start":{"line":26,"column":8},"end":{"line":29,"column":9}}],"line":26}},"s":{"0":2,"1":2,"2":2,"3":2,"4":2,"5":2,"6":2,"7":2,"8":1,"9":1,"10":1,"11":1,"12":2,"13":1,"14":1,"15":1,"16":1,"17":1,"18":0,"19":0,"20":0,"21":2,"22":2,"23":2},"f":{"0":2,"1":1,"2":2},"b":{"0":[1,1],"1":[1,0]},"_coverageSchema":"1a1c01bbd47fc00a2c39e90264f33305004495a9","hash":"9e0b1bfc53d34f420bab708b81a784e68e8b1e48"}
,"C:\\Saulo\\serverless\\ton-api\\util\\responseBuilders.js": {"path":"C:\\Saulo\\serverless\\ton-api\\util\\responseBuilders.js","statementMap":{"0":{"start":{"line":1,"column":0},"end":{"line":37,"column":4}},"1":{"start":{"line":2,"column":21},"end":{"line":2,"column":48}},"2":{"start":{"line":4,"column":27},"end":{"line":10,"column":5}},"3":{"start":{"line":5,"column":6},"end":{"line":5,"column":39}},"4":{"start":{"line":6,"column":6},"end":{"line":8,"column":7}},"5":{"start":{"line":7,"column":8},"end":{"line":7,"column":45}},"6":{"start":{"line":9,"column":6},"end":{"line":9,"column":22}},"7":{"start":{"line":12,"column":15},"end":{"line":14,"column":5}},"8":{"start":{"line":13,"column":6},"end":{"line":13,"column":39}},"9":{"start":{"line":16,"column":20},"end":{"line":18,"column":5}},"10":{"start":{"line":17,"column":6},"end":{"line":17,"column":39}},"11":{"start":{"line":20,"column":23},"end":{"line":22,"column":5}},"12":{"start":{"line":21,"column":6},"end":{"line":21,"column":39}},"13":{"start":{"line":24,"column":21},"end":{"line":26,"column":5}},"14":{"start":{"line":25,"column":6},"end":{"line":25,"column":39}},"15":{"start":{"line":28,"column":21},"end":{"line":30,"column":5}},"16":{"start":{"line":29,"column":6},"end":{"line":29,"column":39}},"17":{"start":{"line":32,"column":4},"end":{"line":32,"column":17}},"18":{"start":{"line":33,"column":4},"end":{"line":33,"column":33}},"19":{"start":{"line":34,"column":4},"end":{"line":34,"column":27}},"20":{"start":{"line":35,"column":4},"end":{"line":35,"column":29}},"21":{"start":{"line":36,"column":4},"end":{"line":36,"column":29}}},"fnMap":{"0":{"name":"(anonymous_0)","decl":{"start":{"line":1,"column":17},"end":{"line":1,"column":18}},"loc":{"start":{"line":1,"column":36},"end":{"line":37,"column":3}},"line":1},"1":{"name":"(anonymous_1)","decl":{"start":{"line":4,"column":27},"end":{"line":4,"column":28}},"loc":{"start":{"line":4,"column":49},"end":{"line":10,"column":5}},"line":4},"2":{"name":"(anonymous_2)","decl":{"start":{"line":12,"column":15},"end":{"line":12,"column":16}},"loc":{"start":{"line":12,"column":23},"end":{"line":14,"column":5}},"line":12},"3":{"name":"(anonymous_3)","decl":{"start":{"line":16,"column":20},"end":{"line":16,"column":21}},"loc":{"start":{"line":16,"column":28},"end":{"line":18,"column":5}},"line":16},"4":{"name":"(anonymous_4)","decl":{"start":{"line":20,"column":23},"end":{"line":20,"column":24}},"loc":{"start":{"line":20,"column":31},"end":{"line":22,"column":5}},"line":20},"5":{"name":"(anonymous_5)","decl":{"start":{"line":24,"column":21},"end":{"line":24,"column":22}},"loc":{"start":{"line":24,"column":29},"end":{"line":26,"column":5}},"line":24},"6":{"name":"(anonymous_6)","decl":{"start":{"line":28,"column":21},"end":{"line":28,"column":22}},"loc":{"start":{"line":28,"column":29},"end":{"line":30,"column":5}},"line":28}},"branchMap":{"0":{"loc":{"start":{"line":6,"column":6},"end":{"line":8,"column":7}},"type":"if","locations":[{"start":{"line":6,"column":6},"end":{"line":8,"column":7}},{"start":{"line":6,"column":6},"end":{"line":8,"column":7}}],"line":6}},"s":{"0":3,"1":3,"2":3,"3":3,"4":3,"5":2,"6":3,"7":3,"8":3,"9":3,"10":0,"11":3,"12":0,"13":3,"14":0,"15":3,"16":0,"17":3,"18":3,"19":3,"20":3,"21":3},"f":{"0":3,"1":3,"2":3,"3":0,"4":0,"5":0,"6":0},"b":{"0":[2,1]},"_coverageSchema":"1a1c01bbd47fc00a2c39e90264f33305004495a9","hash":"e3dd172f6e026a505ce8ec8bc13585ade4a2f8df"}
}
